[0.070s] DEBUG:colcon:Command line arguments: ['/usr/bin/colcon', 'list', '-p', '--base-paths', '/home/nick/MultiDOF-Robotic-Arm-using-MoveIt']
[0.070s] DEBUG:colcon:Parsed command line arguments: Namespace(log_base=None, log_level=None, verb_name='list', build_base='build', ignore_user_meta=False, metas=['./colcon.meta'], base_paths=['/home/nick/MultiDOF-Robotic-Arm-using-MoveIt'], packages_ignore=None, packages_ignore_regex=None, paths=None, packages_up_to=None, packages_up_to_regex=None, packages_above=None, packages_above_and_dependencies=None, packages_above_depth=None, packages_select_by_dep=None, packages_skip_by_dep=None, packages_skip_up_to=None, packages_select_build_failed=False, packages_skip_build_finished=False, packages_select_test_failures=False, packages_skip_test_passed=False, packages_select=None, packages_skip=None, packages_select_regex=None, packages_skip_regex=None, packages_start=None, packages_end=None, allow_overriding=[], topological_order=False, names_only=False, paths_only=True, topological_graph=False, topological_graph_dot=False, topological_graph_density=False, topological_graph_legend=False, topological_graph_dot_cluster=False, topological_graph_dot_include_skipped=False, verb_parser=<colcon_defaults.argument_parser.defaults.DefaultArgumentsDecorator object at 0x7182d7c647c0>, verb_extension=<colcon_package_information.verb.list.ListVerb object at 0x7182d7c338e0>, main=<bound method ListVerb.main of <colcon_package_information.verb.list.ListVerb object at 0x7182d7c338e0>>)
[0.195s] Level 1:colcon.colcon_core.package_discovery:discover_packages(colcon_meta) check parameters
[0.196s] Level 1:colcon.colcon_core.package_discovery:discover_packages(recursive) check parameters
[0.196s] Level 1:colcon.colcon_core.package_discovery:discover_packages(ignore) check parameters
[0.196s] Level 1:colcon.colcon_core.package_discovery:discover_packages(path) check parameters
[0.196s] Level 1:colcon.colcon_core.package_discovery:discover_packages(recursive) discover
[0.196s] INFO:colcon.colcon_core.package_discovery:Crawling recursively for packages in '/home/nick/MultiDOF-Robotic-Arm-using-MoveIt'
[0.196s] Level 1:colcon.colcon_core.package_identification:_identify(/home/nick/MultiDOF-Robotic-Arm-using-MoveIt) by extensions ['ignore', 'ignore_ament_install']
[0.196s] Level 1:colcon.colcon_core.package_identification:_identify(/home/nick/MultiDOF-Robotic-Arm-using-MoveIt) by extension 'ignore'
[0.196s] Level 1:colcon.colcon_core.package_identification:_identify(/home/nick/MultiDOF-Robotic-Arm-using-MoveIt) by extension 'ignore_ament_install'
[0.196s] Level 1:colcon.colcon_core.package_identification:_identify(/home/nick/MultiDOF-Robotic-Arm-using-MoveIt) by extensions ['colcon_pkg']
[0.196s] Level 1:colcon.colcon_core.package_identification:_identify(/home/nick/MultiDOF-Robotic-Arm-using-MoveIt) by extension 'colcon_pkg'
[0.196s] Level 1:colcon.colcon_core.package_identification:_identify(/home/nick/MultiDOF-Robotic-Arm-using-MoveIt) by extensions ['colcon_meta']
[0.196s] Level 1:colcon.colcon_core.package_identification:_identify(/home/nick/MultiDOF-Robotic-Arm-using-MoveIt) by extension 'colcon_meta'
[0.196s] Level 1:colcon.colcon_core.package_identification:_identify(/home/nick/MultiDOF-Robotic-Arm-using-MoveIt) by extensions ['ros']
[0.196s] Level 1:colcon.colcon_core.package_identification:_identify(/home/nick/MultiDOF-Robotic-Arm-using-MoveIt) by extension 'ros'
[0.204s] Level 1:colcon.colcon_core.package_identification:_identify(/home/nick/MultiDOF-Robotic-Arm-using-MoveIt) by extensions ['cmake', 'python']
[0.204s] Level 1:colcon.colcon_core.package_identification:_identify(/home/nick/MultiDOF-Robotic-Arm-using-MoveIt) by extension 'cmake'
[0.204s] Level 1:colcon.colcon_core.package_identification:_identify(/home/nick/MultiDOF-Robotic-Arm-using-MoveIt) by extension 'python'
[0.204s] Level 1:colcon.colcon_core.package_identification:_identify(/home/nick/MultiDOF-Robotic-Arm-using-MoveIt) by extensions ['python_setup_py']
[0.204s] Level 1:colcon.colcon_core.package_identification:_identify(/home/nick/MultiDOF-Robotic-Arm-using-MoveIt) by extension 'python_setup_py'
[0.204s] Level 1:colcon.colcon_core.package_identification:_identify(/home/nick/MultiDOF-Robotic-Arm-using-MoveIt/log) by extensions ['ignore', 'ignore_ament_install']
[0.205s] Level 1:colcon.colcon_core.package_identification:_identify(/home/nick/MultiDOF-Robotic-Arm-using-MoveIt/log) by extension 'ignore'
[0.205s] Level 1:colcon.colcon_core.package_identification:_identify(/home/nick/MultiDOF-Robotic-Arm-using-MoveIt/log) ignored
[0.205s] Level 1:colcon.colcon_core.package_identification:_identify(/home/nick/MultiDOF-Robotic-Arm-using-MoveIt/src) by extensions ['ignore', 'ignore_ament_install']
[0.205s] Level 1:colcon.colcon_core.package_identification:_identify(/home/nick/MultiDOF-Robotic-Arm-using-MoveIt/src) by extension 'ignore'
[0.205s] Level 1:colcon.colcon_core.package_identification:_identify(/home/nick/MultiDOF-Robotic-Arm-using-MoveIt/src) by extension 'ignore_ament_install'
[0.205s] Level 1:colcon.colcon_core.package_identification:_identify(/home/nick/MultiDOF-Robotic-Arm-using-MoveIt/src) by extensions ['colcon_pkg']
[0.205s] Level 1:colcon.colcon_core.package_identification:_identify(/home/nick/MultiDOF-Robotic-Arm-using-MoveIt/src) by extension 'colcon_pkg'
[0.205s] Level 1:colcon.colcon_core.package_identification:_identify(/home/nick/MultiDOF-Robotic-Arm-using-MoveIt/src) by extensions ['colcon_meta']
[0.205s] Level 1:colcon.colcon_core.package_identification:_identify(/home/nick/MultiDOF-Robotic-Arm-using-MoveIt/src) by extension 'colcon_meta'
[0.205s] Level 1:colcon.colcon_core.package_identification:_identify(/home/nick/MultiDOF-Robotic-Arm-using-MoveIt/src) by extensions ['ros']
[0.205s] Level 1:colcon.colcon_core.package_identification:_identify(/home/nick/MultiDOF-Robotic-Arm-using-MoveIt/src) by extension 'ros'
[0.205s] Level 1:colcon.colcon_core.package_identification:_identify(/home/nick/MultiDOF-Robotic-Arm-using-MoveIt/src) by extensions ['cmake', 'python']
[0.205s] Level 1:colcon.colcon_core.package_identification:_identify(/home/nick/MultiDOF-Robotic-Arm-using-MoveIt/src) by extension 'cmake'
[0.205s] Level 1:colcon.colcon_core.package_identification:_identify(/home/nick/MultiDOF-Robotic-Arm-using-MoveIt/src) by extension 'python'
[0.205s] Level 1:colcon.colcon_core.package_identification:_identify(/home/nick/MultiDOF-Robotic-Arm-using-MoveIt/src) by extensions ['python_setup_py']
[0.205s] Level 1:colcon.colcon_core.package_identification:_identify(/home/nick/MultiDOF-Robotic-Arm-using-MoveIt/src) by extension 'python_setup_py'
[0.205s] Level 1:colcon.colcon_core.package_identification:_identify(/home/nick/MultiDOF-Robotic-Arm-using-MoveIt/src/Panda) by extensions ['ignore', 'ignore_ament_install']
[0.205s] Level 1:colcon.colcon_core.package_identification:_identify(/home/nick/MultiDOF-Robotic-Arm-using-MoveIt/src/Panda) by extension 'ignore'
[0.205s] Level 1:colcon.colcon_core.package_identification:_identify(/home/nick/MultiDOF-Robotic-Arm-using-MoveIt/src/Panda) by extension 'ignore_ament_install'
[0.205s] Level 1:colcon.colcon_core.package_identification:_identify(/home/nick/MultiDOF-Robotic-Arm-using-MoveIt/src/Panda) by extensions ['colcon_pkg']
[0.205s] Level 1:colcon.colcon_core.package_identification:_identify(/home/nick/MultiDOF-Robotic-Arm-using-MoveIt/src/Panda) by extension 'colcon_pkg'
[0.205s] Level 1:colcon.colcon_core.package_identification:_identify(/home/nick/MultiDOF-Robotic-Arm-using-MoveIt/src/Panda) by extensions ['colcon_meta']
[0.205s] Level 1:colcon.colcon_core.package_identification:_identify(/home/nick/MultiDOF-Robotic-Arm-using-MoveIt/src/Panda) by extension 'colcon_meta'
[0.205s] Level 1:colcon.colcon_core.package_identification:_identify(/home/nick/MultiDOF-Robotic-Arm-using-MoveIt/src/Panda) by extensions ['ros']
[0.205s] Level 1:colcon.colcon_core.package_identification:_identify(/home/nick/MultiDOF-Robotic-Arm-using-MoveIt/src/Panda) by extension 'ros'
[0.205s] Level 1:colcon.colcon_core.package_identification:_identify(/home/nick/MultiDOF-Robotic-Arm-using-MoveIt/src/Panda) by extensions ['cmake', 'python']
[0.205s] Level 1:colcon.colcon_core.package_identification:_identify(/home/nick/MultiDOF-Robotic-Arm-using-MoveIt/src/Panda) by extension 'cmake'
[0.205s] Level 1:colcon.colcon_core.package_identification:_identify(/home/nick/MultiDOF-Robotic-Arm-using-MoveIt/src/Panda) by extension 'python'
[0.205s] Level 1:colcon.colcon_core.package_identification:_identify(/home/nick/MultiDOF-Robotic-Arm-using-MoveIt/src/Panda) by extensions ['python_setup_py']
[0.205s] Level 1:colcon.colcon_core.package_identification:_identify(/home/nick/MultiDOF-Robotic-Arm-using-MoveIt/src/Panda) by extension 'python_setup_py'
[0.205s] Level 1:colcon.colcon_core.package_identification:_identify(/home/nick/MultiDOF-Robotic-Arm-using-MoveIt/src/Panda/meshes) by extensions ['ignore', 'ignore_ament_install']
[0.205s] Level 1:colcon.colcon_core.package_identification:_identify(/home/nick/MultiDOF-Robotic-Arm-using-MoveIt/src/Panda/meshes) by extension 'ignore'
[0.206s] Level 1:colcon.colcon_core.package_identification:_identify(/home/nick/MultiDOF-Robotic-Arm-using-MoveIt/src/Panda/meshes) by extension 'ignore_ament_install'
[0.206s] Level 1:colcon.colcon_core.package_identification:_identify(/home/nick/MultiDOF-Robotic-Arm-using-MoveIt/src/Panda/meshes) by extensions ['colcon_pkg']
[0.206s] Level 1:colcon.colcon_core.package_identification:_identify(/home/nick/MultiDOF-Robotic-Arm-using-MoveIt/src/Panda/meshes) by extension 'colcon_pkg'
[0.206s] Level 1:colcon.colcon_core.package_identification:_identify(/home/nick/MultiDOF-Robotic-Arm-using-MoveIt/src/Panda/meshes) by extensions ['colcon_meta']
[0.206s] Level 1:colcon.colcon_core.package_identification:_identify(/home/nick/MultiDOF-Robotic-Arm-using-MoveIt/src/Panda/meshes) by extension 'colcon_meta'
[0.206s] Level 1:colcon.colcon_core.package_identification:_identify(/home/nick/MultiDOF-Robotic-Arm-using-MoveIt/src/Panda/meshes) by extensions ['ros']
[0.206s] Level 1:colcon.colcon_core.package_identification:_identify(/home/nick/MultiDOF-Robotic-Arm-using-MoveIt/src/Panda/meshes) by extension 'ros'
[0.206s] Level 1:colcon.colcon_core.package_identification:_identify(/home/nick/MultiDOF-Robotic-Arm-using-MoveIt/src/Panda/meshes) by extensions ['cmake', 'python']
[0.206s] Level 1:colcon.colcon_core.package_identification:_identify(/home/nick/MultiDOF-Robotic-Arm-using-MoveIt/src/Panda/meshes) by extension 'cmake'
[0.206s] Level 1:colcon.colcon_core.package_identification:_identify(/home/nick/MultiDOF-Robotic-Arm-using-MoveIt/src/Panda/meshes) by extension 'python'
[0.206s] Level 1:colcon.colcon_core.package_identification:_identify(/home/nick/MultiDOF-Robotic-Arm-using-MoveIt/src/Panda/meshes) by extensions ['python_setup_py']
[0.206s] Level 1:colcon.colcon_core.package_identification:_identify(/home/nick/MultiDOF-Robotic-Arm-using-MoveIt/src/Panda/meshes) by extension 'python_setup_py'
[0.206s] Level 1:colcon.colcon_core.package_identification:_identify(/home/nick/MultiDOF-Robotic-Arm-using-MoveIt/src/Panda/meshes/collision) by extensions ['ignore', 'ignore_ament_install']
[0.206s] Level 1:colcon.colcon_core.package_identification:_identify(/home/nick/MultiDOF-Robotic-Arm-using-MoveIt/src/Panda/meshes/collision) by extension 'ignore'
[0.206s] Level 1:colcon.colcon_core.package_identification:_identify(/home/nick/MultiDOF-Robotic-Arm-using-MoveIt/src/Panda/meshes/collision) by extension 'ignore_ament_install'
[0.206s] Level 1:colcon.colcon_core.package_identification:_identify(/home/nick/MultiDOF-Robotic-Arm-using-MoveIt/src/Panda/meshes/collision) by extensions ['colcon_pkg']
[0.206s] Level 1:colcon.colcon_core.package_identification:_identify(/home/nick/MultiDOF-Robotic-Arm-using-MoveIt/src/Panda/meshes/collision) by extension 'colcon_pkg'
[0.206s] Level 1:colcon.colcon_core.package_identification:_identify(/home/nick/MultiDOF-Robotic-Arm-using-MoveIt/src/Panda/meshes/collision) by extensions ['colcon_meta']
[0.206s] Level 1:colcon.colcon_core.package_identification:_identify(/home/nick/MultiDOF-Robotic-Arm-using-MoveIt/src/Panda/meshes/collision) by extension 'colcon_meta'
[0.206s] Level 1:colcon.colcon_core.package_identification:_identify(/home/nick/MultiDOF-Robotic-Arm-using-MoveIt/src/Panda/meshes/collision) by extensions ['ros']
[0.206s] Level 1:colcon.colcon_core.package_identification:_identify(/home/nick/MultiDOF-Robotic-Arm-using-MoveIt/src/Panda/meshes/collision) by extension 'ros'
[0.206s] Level 1:colcon.colcon_core.package_identification:_identify(/home/nick/MultiDOF-Robotic-Arm-using-MoveIt/src/Panda/meshes/collision) by extensions ['cmake', 'python']
[0.206s] Level 1:colcon.colcon_core.package_identification:_identify(/home/nick/MultiDOF-Robotic-Arm-using-MoveIt/src/Panda/meshes/collision) by extension 'cmake'
[0.206s] Level 1:colcon.colcon_core.package_identification:_identify(/home/nick/MultiDOF-Robotic-Arm-using-MoveIt/src/Panda/meshes/collision) by extension 'python'
[0.206s] Level 1:colcon.colcon_core.package_identification:_identify(/home/nick/MultiDOF-Robotic-Arm-using-MoveIt/src/Panda/meshes/collision) by extensions ['python_setup_py']
[0.206s] Level 1:colcon.colcon_core.package_identification:_identify(/home/nick/MultiDOF-Robotic-Arm-using-MoveIt/src/Panda/meshes/collision) by extension 'python_setup_py'
[0.206s] Level 1:colcon.colcon_core.package_identification:_identify(/home/nick/MultiDOF-Robotic-Arm-using-MoveIt/src/Panda/meshes/visual) by extensions ['ignore', 'ignore_ament_install']
[0.206s] Level 1:colcon.colcon_core.package_identification:_identify(/home/nick/MultiDOF-Robotic-Arm-using-MoveIt/src/Panda/meshes/visual) by extension 'ignore'
[0.206s] Level 1:colcon.colcon_core.package_identification:_identify(/home/nick/MultiDOF-Robotic-Arm-using-MoveIt/src/Panda/meshes/visual) by extension 'ignore_ament_install'
[0.206s] Level 1:colcon.colcon_core.package_identification:_identify(/home/nick/MultiDOF-Robotic-Arm-using-MoveIt/src/Panda/meshes/visual) by extensions ['colcon_pkg']
[0.206s] Level 1:colcon.colcon_core.package_identification:_identify(/home/nick/MultiDOF-Robotic-Arm-using-MoveIt/src/Panda/meshes/visual) by extension 'colcon_pkg'
[0.206s] Level 1:colcon.colcon_core.package_identification:_identify(/home/nick/MultiDOF-Robotic-Arm-using-MoveIt/src/Panda/meshes/visual) by extensions ['colcon_meta']
[0.206s] Level 1:colcon.colcon_core.package_identification:_identify(/home/nick/MultiDOF-Robotic-Arm-using-MoveIt/src/Panda/meshes/visual) by extension 'colcon_meta'
[0.206s] Level 1:colcon.colcon_core.package_identification:_identify(/home/nick/MultiDOF-Robotic-Arm-using-MoveIt/src/Panda/meshes/visual) by extensions ['ros']
[0.206s] Level 1:colcon.colcon_core.package_identification:_identify(/home/nick/MultiDOF-Robotic-Arm-using-MoveIt/src/Panda/meshes/visual) by extension 'ros'
[0.206s] Level 1:colcon.colcon_core.package_identification:_identify(/home/nick/MultiDOF-Robotic-Arm-using-MoveIt/src/Panda/meshes/visual) by extensions ['cmake', 'python']
[0.206s] Level 1:colcon.colcon_core.package_identification:_identify(/home/nick/MultiDOF-Robotic-Arm-using-MoveIt/src/Panda/meshes/visual) by extension 'cmake'
[0.206s] Level 1:colcon.colcon_core.package_identification:_identify(/home/nick/MultiDOF-Robotic-Arm-using-MoveIt/src/Panda/meshes/visual) by extension 'python'
[0.206s] Level 1:colcon.colcon_core.package_identification:_identify(/home/nick/MultiDOF-Robotic-Arm-using-MoveIt/src/Panda/meshes/visual) by extensions ['python_setup_py']
[0.206s] Level 1:colcon.colcon_core.package_identification:_identify(/home/nick/MultiDOF-Robotic-Arm-using-MoveIt/src/Panda/meshes/visual) by extension 'python_setup_py'
[0.207s] Level 1:colcon.colcon_core.package_identification:_identify(/home/nick/MultiDOF-Robotic-Arm-using-MoveIt/src/custom_config) by extensions ['ignore', 'ignore_ament_install']
[0.207s] Level 1:colcon.colcon_core.package_identification:_identify(/home/nick/MultiDOF-Robotic-Arm-using-MoveIt/src/custom_config) by extension 'ignore'
[0.207s] Level 1:colcon.colcon_core.package_identification:_identify(/home/nick/MultiDOF-Robotic-Arm-using-MoveIt/src/custom_config) by extension 'ignore_ament_install'
[0.207s] Level 1:colcon.colcon_core.package_identification:_identify(/home/nick/MultiDOF-Robotic-Arm-using-MoveIt/src/custom_config) by extensions ['colcon_pkg']
[0.207s] Level 1:colcon.colcon_core.package_identification:_identify(/home/nick/MultiDOF-Robotic-Arm-using-MoveIt/src/custom_config) by extension 'colcon_pkg'
[0.207s] Level 1:colcon.colcon_core.package_identification:_identify(/home/nick/MultiDOF-Robotic-Arm-using-MoveIt/src/custom_config) by extensions ['colcon_meta']
[0.207s] Level 1:colcon.colcon_core.package_identification:_identify(/home/nick/MultiDOF-Robotic-Arm-using-MoveIt/src/custom_config) by extension 'colcon_meta'
[0.207s] Level 1:colcon.colcon_core.package_identification:_identify(/home/nick/MultiDOF-Robotic-Arm-using-MoveIt/src/custom_config) by extensions ['ros']
[0.207s] Level 1:colcon.colcon_core.package_identification:_identify(/home/nick/MultiDOF-Robotic-Arm-using-MoveIt/src/custom_config) by extension 'ros'
[0.209s] DEBUG:colcon.colcon_core.package_identification:Package '/home/nick/MultiDOF-Robotic-Arm-using-MoveIt/src/custom_config' with type 'ros.ament_cmake' and name 'custom_config'
[0.209s] Level 1:colcon.colcon_core.package_identification:_identify(/home/nick/MultiDOF-Robotic-Arm-using-MoveIt/src/five_dof_config) by extensions ['ignore', 'ignore_ament_install']
[0.209s] Level 1:colcon.colcon_core.package_identification:_identify(/home/nick/MultiDOF-Robotic-Arm-using-MoveIt/src/five_dof_config) by extension 'ignore'
[0.209s] Level 1:colcon.colcon_core.package_identification:_identify(/home/nick/MultiDOF-Robotic-Arm-using-MoveIt/src/five_dof_config) by extension 'ignore_ament_install'
[0.209s] Level 1:colcon.colcon_core.package_identification:_identify(/home/nick/MultiDOF-Robotic-Arm-using-MoveIt/src/five_dof_config) by extensions ['colcon_pkg']
[0.209s] Level 1:colcon.colcon_core.package_identification:_identify(/home/nick/MultiDOF-Robotic-Arm-using-MoveIt/src/five_dof_config) by extension 'colcon_pkg'
[0.209s] Level 1:colcon.colcon_core.package_identification:_identify(/home/nick/MultiDOF-Robotic-Arm-using-MoveIt/src/five_dof_config) by extensions ['colcon_meta']
[0.209s] Level 1:colcon.colcon_core.package_identification:_identify(/home/nick/MultiDOF-Robotic-Arm-using-MoveIt/src/five_dof_config) by extension 'colcon_meta'
[0.209s] Level 1:colcon.colcon_core.package_identification:_identify(/home/nick/MultiDOF-Robotic-Arm-using-MoveIt/src/five_dof_config) by extensions ['ros']
[0.209s] Level 1:colcon.colcon_core.package_identification:_identify(/home/nick/MultiDOF-Robotic-Arm-using-MoveIt/src/five_dof_config) by extension 'ros'
[0.210s] DEBUG:colcon.colcon_core.package_identification:Package '/home/nick/MultiDOF-Robotic-Arm-using-MoveIt/src/five_dof_config' with type 'ros.ament_cmake' and name 'five_dof_config'
[0.210s] Level 1:colcon.colcon_core.package_identification:_identify(/home/nick/MultiDOF-Robotic-Arm-using-MoveIt/src/four_dof_config) by extensions ['ignore', 'ignore_ament_install']
[0.211s] Level 1:colcon.colcon_core.package_identification:_identify(/home/nick/MultiDOF-Robotic-Arm-using-MoveIt/src/four_dof_config) by extension 'ignore'
[0.211s] Level 1:colcon.colcon_core.package_identification:_identify(/home/nick/MultiDOF-Robotic-Arm-using-MoveIt/src/four_dof_config) by extension 'ignore_ament_install'
[0.211s] Level 1:colcon.colcon_core.package_identification:_identify(/home/nick/MultiDOF-Robotic-Arm-using-MoveIt/src/four_dof_config) by extensions ['colcon_pkg']
[0.211s] Level 1:colcon.colcon_core.package_identification:_identify(/home/nick/MultiDOF-Robotic-Arm-using-MoveIt/src/four_dof_config) by extension 'colcon_pkg'
[0.211s] Level 1:colcon.colcon_core.package_identification:_identify(/home/nick/MultiDOF-Robotic-Arm-using-MoveIt/src/four_dof_config) by extensions ['colcon_meta']
[0.211s] Level 1:colcon.colcon_core.package_identification:_identify(/home/nick/MultiDOF-Robotic-Arm-using-MoveIt/src/four_dof_config) by extension 'colcon_meta'
[0.211s] Level 1:colcon.colcon_core.package_identification:_identify(/home/nick/MultiDOF-Robotic-Arm-using-MoveIt/src/four_dof_config) by extensions ['ros']
[0.211s] Level 1:colcon.colcon_core.package_identification:_identify(/home/nick/MultiDOF-Robotic-Arm-using-MoveIt/src/four_dof_config) by extension 'ros'
[0.213s] DEBUG:colcon.colcon_core.package_identification:Package '/home/nick/MultiDOF-Robotic-Arm-using-MoveIt/src/four_dof_config' with type 'ros.ament_cmake' and name 'four_dof_config'
[0.213s] Level 1:colcon.colcon_core.package_identification:_identify(/home/nick/MultiDOF-Robotic-Arm-using-MoveIt/src/gui_script) by extensions ['ignore', 'ignore_ament_install']
[0.213s] Level 1:colcon.colcon_core.package_identification:_identify(/home/nick/MultiDOF-Robotic-Arm-using-MoveIt/src/gui_script) by extension 'ignore'
[0.213s] Level 1:colcon.colcon_core.package_identification:_identify(/home/nick/MultiDOF-Robotic-Arm-using-MoveIt/src/gui_script) by extension 'ignore_ament_install'
[0.213s] Level 1:colcon.colcon_core.package_identification:_identify(/home/nick/MultiDOF-Robotic-Arm-using-MoveIt/src/gui_script) by extensions ['colcon_pkg']
[0.213s] Level 1:colcon.colcon_core.package_identification:_identify(/home/nick/MultiDOF-Robotic-Arm-using-MoveIt/src/gui_script) by extension 'colcon_pkg'
[0.213s] Level 1:colcon.colcon_core.package_identification:_identify(/home/nick/MultiDOF-Robotic-Arm-using-MoveIt/src/gui_script) by extensions ['colcon_meta']
[0.213s] Level 1:colcon.colcon_core.package_identification:_identify(/home/nick/MultiDOF-Robotic-Arm-using-MoveIt/src/gui_script) by extension 'colcon_meta'
[0.214s] Level 1:colcon.colcon_core.package_identification:_identify(/home/nick/MultiDOF-Robotic-Arm-using-MoveIt/src/gui_script) by extensions ['ros']
[0.214s] Level 1:colcon.colcon_core.package_identification:_identify(/home/nick/MultiDOF-Robotic-Arm-using-MoveIt/src/gui_script) by extension 'ros'
[0.214s] Level 1:colcon.colcon_core.package_identification:_identify(/home/nick/MultiDOF-Robotic-Arm-using-MoveIt/src/gui_script) by extensions ['cmake', 'python']
[0.214s] Level 1:colcon.colcon_core.package_identification:_identify(/home/nick/MultiDOF-Robotic-Arm-using-MoveIt/src/gui_script) by extension 'cmake'
[0.214s] Level 1:colcon.colcon_core.package_identification:_identify(/home/nick/MultiDOF-Robotic-Arm-using-MoveIt/src/gui_script) by extension 'python'
[0.214s] Level 1:colcon.colcon_core.package_identification:_identify(/home/nick/MultiDOF-Robotic-Arm-using-MoveIt/src/gui_script) by extensions ['python_setup_py']
[0.214s] Level 1:colcon.colcon_core.package_identification:_identify(/home/nick/MultiDOF-Robotic-Arm-using-MoveIt/src/gui_script) by extension 'python_setup_py'
[0.214s] Level 1:colcon.colcon_core.package_identification:_identify(/home/nick/MultiDOF-Robotic-Arm-using-MoveIt/src/one_dof_config) by extensions ['ignore', 'ignore_ament_install']
[0.214s] Level 1:colcon.colcon_core.package_identification:_identify(/home/nick/MultiDOF-Robotic-Arm-using-MoveIt/src/one_dof_config) by extension 'ignore'
[0.214s] Level 1:colcon.colcon_core.package_identification:_identify(/home/nick/MultiDOF-Robotic-Arm-using-MoveIt/src/one_dof_config) by extension 'ignore_ament_install'
[0.214s] Level 1:colcon.colcon_core.package_identification:_identify(/home/nick/MultiDOF-Robotic-Arm-using-MoveIt/src/one_dof_config) by extensions ['colcon_pkg']
[0.214s] Level 1:colcon.colcon_core.package_identification:_identify(/home/nick/MultiDOF-Robotic-Arm-using-MoveIt/src/one_dof_config) by extension 'colcon_pkg'
[0.214s] Level 1:colcon.colcon_core.package_identification:_identify(/home/nick/MultiDOF-Robotic-Arm-using-MoveIt/src/one_dof_config) by extensions ['colcon_meta']
[0.214s] Level 1:colcon.colcon_core.package_identification:_identify(/home/nick/MultiDOF-Robotic-Arm-using-MoveIt/src/one_dof_config) by extension 'colcon_meta'
[0.214s] Level 1:colcon.colcon_core.package_identification:_identify(/home/nick/MultiDOF-Robotic-Arm-using-MoveIt/src/one_dof_config) by extensions ['ros']
[0.214s] Level 1:colcon.colcon_core.package_identification:_identify(/home/nick/MultiDOF-Robotic-Arm-using-MoveIt/src/one_dof_config) by extension 'ros'
[0.215s] DEBUG:colcon.colcon_core.package_identification:Package '/home/nick/MultiDOF-Robotic-Arm-using-MoveIt/src/one_dof_config' with type 'ros.ament_cmake' and name 'one_dof_config'
[0.215s] Level 1:colcon.colcon_core.package_identification:_identify(/home/nick/MultiDOF-Robotic-Arm-using-MoveIt/src/panda_0dof_moveit_config) by extensions ['ignore', 'ignore_ament_install']
[0.215s] Level 1:colcon.colcon_core.package_identification:_identify(/home/nick/MultiDOF-Robotic-Arm-using-MoveIt/src/panda_0dof_moveit_config) by extension 'ignore'
[0.215s] Level 1:colcon.colcon_core.package_identification:_identify(/home/nick/MultiDOF-Robotic-Arm-using-MoveIt/src/panda_0dof_moveit_config) by extension 'ignore_ament_install'
[0.215s] Level 1:colcon.colcon_core.package_identification:_identify(/home/nick/MultiDOF-Robotic-Arm-using-MoveIt/src/panda_0dof_moveit_config) by extensions ['colcon_pkg']
[0.215s] Level 1:colcon.colcon_core.package_identification:_identify(/home/nick/MultiDOF-Robotic-Arm-using-MoveIt/src/panda_0dof_moveit_config) by extension 'colcon_pkg'
[0.215s] Level 1:colcon.colcon_core.package_identification:_identify(/home/nick/MultiDOF-Robotic-Arm-using-MoveIt/src/panda_0dof_moveit_config) by extensions ['colcon_meta']
[0.215s] Level 1:colcon.colcon_core.package_identification:_identify(/home/nick/MultiDOF-Robotic-Arm-using-MoveIt/src/panda_0dof_moveit_config) by extension 'colcon_meta'
[0.215s] Level 1:colcon.colcon_core.package_identification:_identify(/home/nick/MultiDOF-Robotic-Arm-using-MoveIt/src/panda_0dof_moveit_config) by extensions ['ros']
[0.215s] Level 1:colcon.colcon_core.package_identification:_identify(/home/nick/MultiDOF-Robotic-Arm-using-MoveIt/src/panda_0dof_moveit_config) by extension 'ros'
[0.215s] DEBUG:colcon.colcon_core.package_identification:Package '/home/nick/MultiDOF-Robotic-Arm-using-MoveIt/src/panda_0dof_moveit_config' with type 'ros.ament_cmake' and name 'panda_0dof_moveit_config'
[0.215s] Level 1:colcon.colcon_core.package_identification:_identify(/home/nick/MultiDOF-Robotic-Arm-using-MoveIt/src/panda_1dof_moveit_config) by extensions ['ignore', 'ignore_ament_install']
[0.216s] Level 1:colcon.colcon_core.package_identification:_identify(/home/nick/MultiDOF-Robotic-Arm-using-MoveIt/src/panda_1dof_moveit_config) by extension 'ignore'
[0.216s] Level 1:colcon.colcon_core.package_identification:_identify(/home/nick/MultiDOF-Robotic-Arm-using-MoveIt/src/panda_1dof_moveit_config) by extension 'ignore_ament_install'
[0.216s] Level 1:colcon.colcon_core.package_identification:_identify(/home/nick/MultiDOF-Robotic-Arm-using-MoveIt/src/panda_1dof_moveit_config) by extensions ['colcon_pkg']
[0.216s] Level 1:colcon.colcon_core.package_identification:_identify(/home/nick/MultiDOF-Robotic-Arm-using-MoveIt/src/panda_1dof_moveit_config) by extension 'colcon_pkg'
[0.216s] Level 1:colcon.colcon_core.package_identification:_identify(/home/nick/MultiDOF-Robotic-Arm-using-MoveIt/src/panda_1dof_moveit_config) by extensions ['colcon_meta']
[0.216s] Level 1:colcon.colcon_core.package_identification:_identify(/home/nick/MultiDOF-Robotic-Arm-using-MoveIt/src/panda_1dof_moveit_config) by extension 'colcon_meta'
[0.216s] Level 1:colcon.colcon_core.package_identification:_identify(/home/nick/MultiDOF-Robotic-Arm-using-MoveIt/src/panda_1dof_moveit_config) by extensions ['ros']
[0.216s] Level 1:colcon.colcon_core.package_identification:_identify(/home/nick/MultiDOF-Robotic-Arm-using-MoveIt/src/panda_1dof_moveit_config) by extension 'ros'
[0.216s] DEBUG:colcon.colcon_core.package_identification:Package '/home/nick/MultiDOF-Robotic-Arm-using-MoveIt/src/panda_1dof_moveit_config' with type 'ros.ament_cmake' and name 'panda_1dof_moveit_config'
[0.216s] Level 1:colcon.colcon_core.package_identification:_identify(/home/nick/MultiDOF-Robotic-Arm-using-MoveIt/src/panda_2dof_moveit_config) by extensions ['ignore', 'ignore_ament_install']
[0.216s] Level 1:colcon.colcon_core.package_identification:_identify(/home/nick/MultiDOF-Robotic-Arm-using-MoveIt/src/panda_2dof_moveit_config) by extension 'ignore'
[0.216s] Level 1:colcon.colcon_core.package_identification:_identify(/home/nick/MultiDOF-Robotic-Arm-using-MoveIt/src/panda_2dof_moveit_config) by extension 'ignore_ament_install'
[0.216s] Level 1:colcon.colcon_core.package_identification:_identify(/home/nick/MultiDOF-Robotic-Arm-using-MoveIt/src/panda_2dof_moveit_config) by extensions ['colcon_pkg']
[0.216s] Level 1:colcon.colcon_core.package_identification:_identify(/home/nick/MultiDOF-Robotic-Arm-using-MoveIt/src/panda_2dof_moveit_config) by extension 'colcon_pkg'
[0.216s] Level 1:colcon.colcon_core.package_identification:_identify(/home/nick/MultiDOF-Robotic-Arm-using-MoveIt/src/panda_2dof_moveit_config) by extensions ['colcon_meta']
[0.216s] Level 1:colcon.colcon_core.package_identification:_identify(/home/nick/MultiDOF-Robotic-Arm-using-MoveIt/src/panda_2dof_moveit_config) by extension 'colcon_meta'
[0.216s] Level 1:colcon.colcon_core.package_identification:_identify(/home/nick/MultiDOF-Robotic-Arm-using-MoveIt/src/panda_2dof_moveit_config) by extensions ['ros']
[0.216s] Level 1:colcon.colcon_core.package_identification:_identify(/home/nick/MultiDOF-Robotic-Arm-using-MoveIt/src/panda_2dof_moveit_config) by extension 'ros'
[0.217s] DEBUG:colcon.colcon_core.package_identification:Package '/home/nick/MultiDOF-Robotic-Arm-using-MoveIt/src/panda_2dof_moveit_config' with type 'ros.ament_cmake' and name 'panda_2dof_moveit_config'
[0.217s] Level 1:colcon.colcon_core.package_identification:_identify(/home/nick/MultiDOF-Robotic-Arm-using-MoveIt/src/panda_3dof_moveit_config) by extensions ['ignore', 'ignore_ament_install']
[0.217s] Level 1:colcon.colcon_core.package_identification:_identify(/home/nick/MultiDOF-Robotic-Arm-using-MoveIt/src/panda_3dof_moveit_config) by extension 'ignore'
[0.217s] Level 1:colcon.colcon_core.package_identification:_identify(/home/nick/MultiDOF-Robotic-Arm-using-MoveIt/src/panda_3dof_moveit_config) by extension 'ignore_ament_install'
[0.217s] Level 1:colcon.colcon_core.package_identification:_identify(/home/nick/MultiDOF-Robotic-Arm-using-MoveIt/src/panda_3dof_moveit_config) by extensions ['colcon_pkg']
[0.217s] Level 1:colcon.colcon_core.package_identification:_identify(/home/nick/MultiDOF-Robotic-Arm-using-MoveIt/src/panda_3dof_moveit_config) by extension 'colcon_pkg'
[0.217s] Level 1:colcon.colcon_core.package_identification:_identify(/home/nick/MultiDOF-Robotic-Arm-using-MoveIt/src/panda_3dof_moveit_config) by extensions ['colcon_meta']
[0.217s] Level 1:colcon.colcon_core.package_identification:_identify(/home/nick/MultiDOF-Robotic-Arm-using-MoveIt/src/panda_3dof_moveit_config) by extension 'colcon_meta'
[0.217s] Level 1:colcon.colcon_core.package_identification:_identify(/home/nick/MultiDOF-Robotic-Arm-using-MoveIt/src/panda_3dof_moveit_config) by extensions ['ros']
[0.217s] Level 1:colcon.colcon_core.package_identification:_identify(/home/nick/MultiDOF-Robotic-Arm-using-MoveIt/src/panda_3dof_moveit_config) by extension 'ros'
[0.243s] DEBUG:colcon.colcon_core.package_identification:Package '/home/nick/MultiDOF-Robotic-Arm-using-MoveIt/src/panda_3dof_moveit_config' with type 'ros.ament_cmake' and name 'panda_3dof_moveit_config'
[0.243s] Level 1:colcon.colcon_core.package_identification:_identify(/home/nick/MultiDOF-Robotic-Arm-using-MoveIt/src/panda_4dof_moveit_config) by extensions ['ignore', 'ignore_ament_install']
[0.243s] Level 1:colcon.colcon_core.package_identification:_identify(/home/nick/MultiDOF-Robotic-Arm-using-MoveIt/src/panda_4dof_moveit_config) by extension 'ignore'
[0.243s] Level 1:colcon.colcon_core.package_identification:_identify(/home/nick/MultiDOF-Robotic-Arm-using-MoveIt/src/panda_4dof_moveit_config) by extension 'ignore_ament_install'
[0.243s] Level 1:colcon.colcon_core.package_identification:_identify(/home/nick/MultiDOF-Robotic-Arm-using-MoveIt/src/panda_4dof_moveit_config) by extensions ['colcon_pkg']
[0.243s] Level 1:colcon.colcon_core.package_identification:_identify(/home/nick/MultiDOF-Robotic-Arm-using-MoveIt/src/panda_4dof_moveit_config) by extension 'colcon_pkg'
[0.243s] Level 1:colcon.colcon_core.package_identification:_identify(/home/nick/MultiDOF-Robotic-Arm-using-MoveIt/src/panda_4dof_moveit_config) by extensions ['colcon_meta']
[0.244s] Level 1:colcon.colcon_core.package_identification:_identify(/home/nick/MultiDOF-Robotic-Arm-using-MoveIt/src/panda_4dof_moveit_config) by extension 'colcon_meta'
[0.244s] Level 1:colcon.colcon_core.package_identification:_identify(/home/nick/MultiDOF-Robotic-Arm-using-MoveIt/src/panda_4dof_moveit_config) by extensions ['ros']
[0.244s] Level 1:colcon.colcon_core.package_identification:_identify(/home/nick/MultiDOF-Robotic-Arm-using-MoveIt/src/panda_4dof_moveit_config) by extension 'ros'
[0.245s] DEBUG:colcon.colcon_core.package_identification:Package '/home/nick/MultiDOF-Robotic-Arm-using-MoveIt/src/panda_4dof_moveit_config' with type 'ros.ament_cmake' and name 'panda_4dof_moveit_config'
[0.245s] Level 1:colcon.colcon_core.package_identification:_identify(/home/nick/MultiDOF-Robotic-Arm-using-MoveIt/src/panda_5dof_moveit_config) by extensions ['ignore', 'ignore_ament_install']
[0.246s] Level 1:colcon.colcon_core.package_identification:_identify(/home/nick/MultiDOF-Robotic-Arm-using-MoveIt/src/panda_5dof_moveit_config) by extension 'ignore'
[0.246s] Level 1:colcon.colcon_core.package_identification:_identify(/home/nick/MultiDOF-Robotic-Arm-using-MoveIt/src/panda_5dof_moveit_config) by extension 'ignore_ament_install'
[0.246s] Level 1:colcon.colcon_core.package_identification:_identify(/home/nick/MultiDOF-Robotic-Arm-using-MoveIt/src/panda_5dof_moveit_config) by extensions ['colcon_pkg']
[0.246s] Level 1:colcon.colcon_core.package_identification:_identify(/home/nick/MultiDOF-Robotic-Arm-using-MoveIt/src/panda_5dof_moveit_config) by extension 'colcon_pkg'
[0.246s] Level 1:colcon.colcon_core.package_identification:_identify(/home/nick/MultiDOF-Robotic-Arm-using-MoveIt/src/panda_5dof_moveit_config) by extensions ['colcon_meta']
[0.246s] Level 1:colcon.colcon_core.package_identification:_identify(/home/nick/MultiDOF-Robotic-Arm-using-MoveIt/src/panda_5dof_moveit_config) by extension 'colcon_meta'
[0.246s] Level 1:colcon.colcon_core.package_identification:_identify(/home/nick/MultiDOF-Robotic-Arm-using-MoveIt/src/panda_5dof_moveit_config) by extensions ['ros']
[0.246s] Level 1:colcon.colcon_core.package_identification:_identify(/home/nick/MultiDOF-Robotic-Arm-using-MoveIt/src/panda_5dof_moveit_config) by extension 'ros'
[0.248s] DEBUG:colcon.colcon_core.package_identification:Package '/home/nick/MultiDOF-Robotic-Arm-using-MoveIt/src/panda_5dof_moveit_config' with type 'ros.ament_cmake' and name 'panda_5dof_moveit_config'
[0.249s] Level 1:colcon.colcon_core.package_identification:_identify(/home/nick/MultiDOF-Robotic-Arm-using-MoveIt/src/panda_6dof_moveit_config) by extensions ['ignore', 'ignore_ament_install']
[0.249s] Level 1:colcon.colcon_core.package_identification:_identify(/home/nick/MultiDOF-Robotic-Arm-using-MoveIt/src/panda_6dof_moveit_config) by extension 'ignore'
[0.249s] Level 1:colcon.colcon_core.package_identification:_identify(/home/nick/MultiDOF-Robotic-Arm-using-MoveIt/src/panda_6dof_moveit_config) by extension 'ignore_ament_install'
[0.249s] Level 1:colcon.colcon_core.package_identification:_identify(/home/nick/MultiDOF-Robotic-Arm-using-MoveIt/src/panda_6dof_moveit_config) by extensions ['colcon_pkg']
[0.249s] Level 1:colcon.colcon_core.package_identification:_identify(/home/nick/MultiDOF-Robotic-Arm-using-MoveIt/src/panda_6dof_moveit_config) by extension 'colcon_pkg'
[0.249s] Level 1:colcon.colcon_core.package_identification:_identify(/home/nick/MultiDOF-Robotic-Arm-using-MoveIt/src/panda_6dof_moveit_config) by extensions ['colcon_meta']
[0.249s] Level 1:colcon.colcon_core.package_identification:_identify(/home/nick/MultiDOF-Robotic-Arm-using-MoveIt/src/panda_6dof_moveit_config) by extension 'colcon_meta'
[0.249s] Level 1:colcon.colcon_core.package_identification:_identify(/home/nick/MultiDOF-Robotic-Arm-using-MoveIt/src/panda_6dof_moveit_config) by extensions ['ros']
[0.249s] Level 1:colcon.colcon_core.package_identification:_identify(/home/nick/MultiDOF-Robotic-Arm-using-MoveIt/src/panda_6dof_moveit_config) by extension 'ros'
[0.250s] DEBUG:colcon.colcon_core.package_identification:Package '/home/nick/MultiDOF-Robotic-Arm-using-MoveIt/src/panda_6dof_moveit_config' with type 'ros.ament_cmake' and name 'panda_6dof_moveit_config'
[0.250s] Level 1:colcon.colcon_core.package_identification:_identify(/home/nick/MultiDOF-Robotic-Arm-using-MoveIt/src/panda_7dof_moveit_config) by extensions ['ignore', 'ignore_ament_install']
[0.251s] Level 1:colcon.colcon_core.package_identification:_identify(/home/nick/MultiDOF-Robotic-Arm-using-MoveIt/src/panda_7dof_moveit_config) by extension 'ignore'
[0.251s] Level 1:colcon.colcon_core.package_identification:_identify(/home/nick/MultiDOF-Robotic-Arm-using-MoveIt/src/panda_7dof_moveit_config) by extension 'ignore_ament_install'
[0.251s] Level 1:colcon.colcon_core.package_identification:_identify(/home/nick/MultiDOF-Robotic-Arm-using-MoveIt/src/panda_7dof_moveit_config) by extensions ['colcon_pkg']
[0.251s] Level 1:colcon.colcon_core.package_identification:_identify(/home/nick/MultiDOF-Robotic-Arm-using-MoveIt/src/panda_7dof_moveit_config) by extension 'colcon_pkg'
[0.251s] Level 1:colcon.colcon_core.package_identification:_identify(/home/nick/MultiDOF-Robotic-Arm-using-MoveIt/src/panda_7dof_moveit_config) by extensions ['colcon_meta']
[0.251s] Level 1:colcon.colcon_core.package_identification:_identify(/home/nick/MultiDOF-Robotic-Arm-using-MoveIt/src/panda_7dof_moveit_config) by extension 'colcon_meta'
[0.251s] Level 1:colcon.colcon_core.package_identification:_identify(/home/nick/MultiDOF-Robotic-Arm-using-MoveIt/src/panda_7dof_moveit_config) by extensions ['ros']
[0.251s] Level 1:colcon.colcon_core.package_identification:_identify(/home/nick/MultiDOF-Robotic-Arm-using-MoveIt/src/panda_7dof_moveit_config) by extension 'ros'
[0.252s] DEBUG:colcon.colcon_core.package_identification:Package '/home/nick/MultiDOF-Robotic-Arm-using-MoveIt/src/panda_7dof_moveit_config' with type 'ros.ament_cmake' and name 'panda_7dof_moveit_config'
[0.252s] Level 1:colcon.colcon_core.package_identification:_identify(/home/nick/MultiDOF-Robotic-Arm-using-MoveIt/src/panda_urdf_modifications) by extensions ['ignore', 'ignore_ament_install']
[0.252s] Level 1:colcon.colcon_core.package_identification:_identify(/home/nick/MultiDOF-Robotic-Arm-using-MoveIt/src/panda_urdf_modifications) by extension 'ignore'
[0.252s] Level 1:colcon.colcon_core.package_identification:_identify(/home/nick/MultiDOF-Robotic-Arm-using-MoveIt/src/panda_urdf_modifications) by extension 'ignore_ament_install'
[0.252s] Level 1:colcon.colcon_core.package_identification:_identify(/home/nick/MultiDOF-Robotic-Arm-using-MoveIt/src/panda_urdf_modifications) by extensions ['colcon_pkg']
[0.252s] Level 1:colcon.colcon_core.package_identification:_identify(/home/nick/MultiDOF-Robotic-Arm-using-MoveIt/src/panda_urdf_modifications) by extension 'colcon_pkg'
[0.252s] Level 1:colcon.colcon_core.package_identification:_identify(/home/nick/MultiDOF-Robotic-Arm-using-MoveIt/src/panda_urdf_modifications) by extensions ['colcon_meta']
[0.252s] Level 1:colcon.colcon_core.package_identification:_identify(/home/nick/MultiDOF-Robotic-Arm-using-MoveIt/src/panda_urdf_modifications) by extension 'colcon_meta'
[0.252s] Level 1:colcon.colcon_core.package_identification:_identify(/home/nick/MultiDOF-Robotic-Arm-using-MoveIt/src/panda_urdf_modifications) by extensions ['ros']
[0.252s] Level 1:colcon.colcon_core.package_identification:_identify(/home/nick/MultiDOF-Robotic-Arm-using-MoveIt/src/panda_urdf_modifications) by extension 'ros'
[0.254s] DEBUG:colcon.colcon_core.package_identification:Package '/home/nick/MultiDOF-Robotic-Arm-using-MoveIt/src/panda_urdf_modifications' with type 'ros.ament_cmake' and name 'panda_urdf_modifications'
[0.254s] Level 1:colcon.colcon_core.package_identification:_identify(/home/nick/MultiDOF-Robotic-Arm-using-MoveIt/src/six_dof_config) by extensions ['ignore', 'ignore_ament_install']
[0.254s] Level 1:colcon.colcon_core.package_identification:_identify(/home/nick/MultiDOF-Robotic-Arm-using-MoveIt/src/six_dof_config) by extension 'ignore'
[0.254s] Level 1:colcon.colcon_core.package_identification:_identify(/home/nick/MultiDOF-Robotic-Arm-using-MoveIt/src/six_dof_config) by extension 'ignore_ament_install'
[0.254s] Level 1:colcon.colcon_core.package_identification:_identify(/home/nick/MultiDOF-Robotic-Arm-using-MoveIt/src/six_dof_config) by extensions ['colcon_pkg']
[0.254s] Level 1:colcon.colcon_core.package_identification:_identify(/home/nick/MultiDOF-Robotic-Arm-using-MoveIt/src/six_dof_config) by extension 'colcon_pkg'
[0.254s] Level 1:colcon.colcon_core.package_identification:_identify(/home/nick/MultiDOF-Robotic-Arm-using-MoveIt/src/six_dof_config) by extensions ['colcon_meta']
[0.254s] Level 1:colcon.colcon_core.package_identification:_identify(/home/nick/MultiDOF-Robotic-Arm-using-MoveIt/src/six_dof_config) by extension 'colcon_meta'
[0.254s] Level 1:colcon.colcon_core.package_identification:_identify(/home/nick/MultiDOF-Robotic-Arm-using-MoveIt/src/six_dof_config) by extensions ['ros']
[0.254s] Level 1:colcon.colcon_core.package_identification:_identify(/home/nick/MultiDOF-Robotic-Arm-using-MoveIt/src/six_dof_config) by extension 'ros'
[0.256s] DEBUG:colcon.colcon_core.package_identification:Package '/home/nick/MultiDOF-Robotic-Arm-using-MoveIt/src/six_dof_config' with type 'ros.ament_cmake' and name 'six_dof_config'
[0.256s] Level 1:colcon.colcon_core.package_identification:_identify(/home/nick/MultiDOF-Robotic-Arm-using-MoveIt/src/three_dof_config) by extensions ['ignore', 'ignore_ament_install']
[0.256s] Level 1:colcon.colcon_core.package_identification:_identify(/home/nick/MultiDOF-Robotic-Arm-using-MoveIt/src/three_dof_config) by extension 'ignore'
[0.256s] Level 1:colcon.colcon_core.package_identification:_identify(/home/nick/MultiDOF-Robotic-Arm-using-MoveIt/src/three_dof_config) by extension 'ignore_ament_install'
[0.256s] Level 1:colcon.colcon_core.package_identification:_identify(/home/nick/MultiDOF-Robotic-Arm-using-MoveIt/src/three_dof_config) by extensions ['colcon_pkg']
[0.256s] Level 1:colcon.colcon_core.package_identification:_identify(/home/nick/MultiDOF-Robotic-Arm-using-MoveIt/src/three_dof_config) by extension 'colcon_pkg'
[0.256s] Level 1:colcon.colcon_core.package_identification:_identify(/home/nick/MultiDOF-Robotic-Arm-using-MoveIt/src/three_dof_config) by extensions ['colcon_meta']
[0.256s] Level 1:colcon.colcon_core.package_identification:_identify(/home/nick/MultiDOF-Robotic-Arm-using-MoveIt/src/three_dof_config) by extension 'colcon_meta'
[0.257s] Level 1:colcon.colcon_core.package_identification:_identify(/home/nick/MultiDOF-Robotic-Arm-using-MoveIt/src/three_dof_config) by extensions ['ros']
[0.257s] Level 1:colcon.colcon_core.package_identification:_identify(/home/nick/MultiDOF-Robotic-Arm-using-MoveIt/src/three_dof_config) by extension 'ros'
[0.258s] DEBUG:colcon.colcon_core.package_identification:Package '/home/nick/MultiDOF-Robotic-Arm-using-MoveIt/src/three_dof_config' with type 'ros.ament_cmake' and name 'three_dof_config'
[0.258s] Level 1:colcon.colcon_core.package_identification:_identify(/home/nick/MultiDOF-Robotic-Arm-using-MoveIt/src/two_dof_config) by extensions ['ignore', 'ignore_ament_install']
[0.258s] Level 1:colcon.colcon_core.package_identification:_identify(/home/nick/MultiDOF-Robotic-Arm-using-MoveIt/src/two_dof_config) by extension 'ignore'
[0.258s] Level 1:colcon.colcon_core.package_identification:_identify(/home/nick/MultiDOF-Robotic-Arm-using-MoveIt/src/two_dof_config) by extension 'ignore_ament_install'
[0.258s] Level 1:colcon.colcon_core.package_identification:_identify(/home/nick/MultiDOF-Robotic-Arm-using-MoveIt/src/two_dof_config) by extensions ['colcon_pkg']
[0.258s] Level 1:colcon.colcon_core.package_identification:_identify(/home/nick/MultiDOF-Robotic-Arm-using-MoveIt/src/two_dof_config) by extension 'colcon_pkg'
[0.258s] Level 1:colcon.colcon_core.package_identification:_identify(/home/nick/MultiDOF-Robotic-Arm-using-MoveIt/src/two_dof_config) by extensions ['colcon_meta']
[0.258s] Level 1:colcon.colcon_core.package_identification:_identify(/home/nick/MultiDOF-Robotic-Arm-using-MoveIt/src/two_dof_config) by extension 'colcon_meta'
[0.258s] Level 1:colcon.colcon_core.package_identification:_identify(/home/nick/MultiDOF-Robotic-Arm-using-MoveIt/src/two_dof_config) by extensions ['ros']
[0.258s] Level 1:colcon.colcon_core.package_identification:_identify(/home/nick/MultiDOF-Robotic-Arm-using-MoveIt/src/two_dof_config) by extension 'ros'
[0.259s] DEBUG:colcon.colcon_core.package_identification:Package '/home/nick/MultiDOF-Robotic-Arm-using-MoveIt/src/two_dof_config' with type 'ros.ament_cmake' and name 'two_dof_config'
[0.259s] Level 1:colcon.colcon_core.package_discovery:discover_packages(recursive) using defaults
